<?xml version="1.0" encoding="UTF-8"?>
<!-- Generated by org.testng.reporters.JUnitReportReporter -->
<testsuite hostname="IND-CHN-LT11223" failures="0" tests="1" name="TestCases.G001_Verify_SignIn_Functionality" time="1.437" errors="0" timestamp="2022-06-13T01:05:15 IST" skipped="0">
  <testcase classname="TestCases.G001_Verify_SignIn_Functionality" name="SignIn" time="1.437"/>
  <system-out/>
</testsuite> <!-- TestCases.G001_Verify_SignIn_Functionality -->
